17:34:45.128 INFO - Selenium build info: version: '3.1.0', revision: '86a5d70'
17:34:45.128 INFO - Launching a standalone Selenium Server
2017-03-03 17:34:45.140:INFO::main: Logging initialized @160ms
17:34:45.177 INFO - Driver provider org.openqa.selenium.ie.InternetExplorerDriver registration is skipped:
 registration capabilities Capabilities [{ensureCleanSession=true, browserName=internet explorer, version=, platform=WINDOWS}] does not match the current platform LINUX
17:34:45.177 INFO - Driver provider org.openqa.selenium.edge.EdgeDriver registration is skipped:
 registration capabilities Capabilities [{browserName=MicrosoftEdge, version=, platform=WINDOWS}] does not match the current platform LINUX
17:34:45.178 INFO - Driver class not found: com.opera.core.systems.OperaDriver
17:34:45.178 INFO - Driver provider com.opera.core.systems.OperaDriver registration is skipped:
Unable to create new instances on this machine.
17:34:45.178 INFO - Driver class not found: com.opera.core.systems.OperaDriver
17:34:45.178 INFO - Driver provider com.opera.core.systems.OperaDriver is not registered
17:34:45.178 INFO - Driver provider org.openqa.selenium.safari.SafariDriver registration is skipped:
 registration capabilities Capabilities [{browserName=safari, version=, platform=MAC}] does not match the current platform LINUX
2017-03-03 17:34:45.201:INFO:osjs.Server:main: jetty-9.2.15.v20160210
2017-03-03 17:34:45.216:INFO:osjsh.ContextHandler:main: Started o.s.j.s.ServletContextHandler@2ef5e5e3{/,null,AVAILABLE}
2017-03-03 17:34:45.226:INFO:osjs.ServerConnector:main: Started ServerConnector@724af044{HTTP/1.1}{0.0.0.0:4444}
2017-03-03 17:34:45.226:INFO:osjs.Server:main: Started @246ms
17:34:45.226 INFO - Selenium Server is up and running
17:34:45.378 INFO - SessionCleaner initialized with insideBrowserTimeout 0 and clientGoneTimeout 1800000 polling every 180000
17:34:45.396 INFO - Executing: [new session: Capabilities [{acceptSslCerts=true, marionette=true, name=Funke Test End To End, browserName=chrome, javascriptEnabled=true, platform=ANY}]])
17:34:45.406 INFO - Creating a new session for Capabilities [{acceptSslCerts=true, marionette=true, name=Funke Test End To End, browserName=chrome, javascriptEnabled=true, platform=ANY}]
Starting ChromeDriver (v2.9.248304) on port 11896
[0.044][WARNING]: PAC support disabled because there is no system implementation
17:34:45.796 INFO - Detected dialect: OSS
17:34:45.810 INFO - Done: [new session: Capabilities [{acceptSslCerts=true, marionette=true, name=Funke Test End To End, browserName=chrome, javascriptEnabled=true, platform=ANY}]]
17:34:45.850 INFO - Executing: [get: https://dev-meinhausanschluss.avacon.de/])
17:34:52.553 INFO - Done: [get: https://dev-meinhausanschluss.avacon.de/]
17:34:52.561 INFO - Executing: [find elements: By.cssSelector: input[name=PLZ]])
17:34:52.588 INFO - Done: [find elements: By.cssSelector: input[name=PLZ]]
17:34:52.593 INFO - Executing: [find element: By.cssSelector: input[name=PLZ]])
17:34:52.608 INFO - Done: [find element: By.cssSelector: input[name=PLZ]]
17:34:52.612 INFO - Executing: [send keys: 0 [[ChromeDriver: chrome on LINUX (48637664954568c093a91db97896f063)] -> css selector: input[name=PLZ]], [2, 7, 3, 3, 3]])
17:34:52.656 INFO - Done: [send keys: 0 [[ChromeDriver: chrome on LINUX (48637664954568c093a91db97896f063)] -> css selector: input[name=PLZ]], [2, 7, 3, 3, 3]]
17:34:52.663 INFO - Executing: [find elements: By.cssSelector: select[data-qa=addressCity]])
17:34:52.711 INFO - Done: [find elements: By.cssSelector: select[data-qa=addressCity]]
17:34:52.716 INFO - Executing: [find element: By.cssSelector: select[data-qa=addressCity]])
17:34:52.729 INFO - Done: [find element: By.cssSelector: select[data-qa=addressCity]]
17:34:52.734 INFO - Executing: [click: 1 [[ChromeDriver: chrome on LINUX (48637664954568c093a91db97896f063)] -> css selector: select[data-qa=addressCity]]])
17:34:53.148 WARN - Exception thrown
org.openqa.selenium.WebDriverException: unknown error: Element is not clickable at point (313, 722). Other element would receive the click: <div class="spinner spinner--page">...</div>
  (Session info: chrome=53.0.2785.92)
  (Driver info: chromedriver=2.9.248304,platform=Linux 4.9.8-1-ARCH x86_64) (WARNING: The server did not provide any stacktrace information)
Command duration or timeout: 34 milliseconds
Build info: version: '3.1.0', revision: '86a5d70', time: '2017-02-16 07:57:44 -0800'
System info: host: 'declan-arch', ip: '192.168.178.75', os.name: 'Linux', os.arch: 'amd64', os.version: '4.9.8-1-ARCH', java.version: '1.8.0_121'
Driver info: org.openqa.selenium.chrome.ChromeDriver
Capabilities [{applicationCacheEnabled=false, rotatable=false, chrome={userDataDir=/tmp/.com.google.Chrome.c0bIno}, takesHeapSnapshot=true, databaseEnabled=false, handlesAlerts=true, version=53.0.2785.92, platform=LINUX, browserConnectionEnabled=false, nativeEvents=true, acceptSslCerts=true, locationContextEnabled=true, webStorageEnabled=true, browserName=chrome, takesScreenshot=true, javascriptEnabled=true, cssSelectorsEnabled=true}]
Session ID: 48637664954568c093a91db97896f063
	at sun.reflect.NativeConstructorAccessorImpl.newInstance0(Native Method)
	at sun.reflect.NativeConstructorAccessorImpl.newInstance(NativeConstructorAccessorImpl.java:62)
	at sun.reflect.DelegatingConstructorAccessorImpl.newInstance(DelegatingConstructorAccessorImpl.java:45)
	at java.lang.reflect.Constructor.newInstance(Constructor.java:423)
	at org.openqa.selenium.remote.ErrorHandler.createThrowable(ErrorHandler.java:216)
	at org.openqa.selenium.remote.ErrorHandler.throwIfResponseFailed(ErrorHandler.java:168)
	at org.openqa.selenium.remote.RemoteWebDriver.execute(RemoteWebDriver.java:635)
	at org.openqa.selenium.remote.RemoteWebElement.execute(RemoteWebElement.java:274)
	at org.openqa.selenium.remote.RemoteWebElement.click(RemoteWebElement.java:84)
	at sun.reflect.NativeMethodAccessorImpl.invoke0(Native Method)
	at sun.reflect.NativeMethodAccessorImpl.invoke(NativeMethodAccessorImpl.java:62)
	at sun.reflect.DelegatingMethodAccessorImpl.invoke(DelegatingMethodAccessorImpl.java:43)
	at java.lang.reflect.Method.invoke(Method.java:498)
	at org.openqa.selenium.support.events.EventFiringWebDriver$EventFiringWebElement$1.invoke(EventFiringWebDriver.java:332)
	at com.sun.proxy.$Proxy5.click(Unknown Source)
	at org.openqa.selenium.support.events.EventFiringWebDriver$EventFiringWebElement.click(EventFiringWebDriver.java:345)
	at sun.reflect.NativeMethodAccessorImpl.invoke0(Native Method)
	at sun.reflect.NativeMethodAccessorImpl.invoke(NativeMethodAccessorImpl.java:62)
	at sun.reflect.DelegatingMethodAccessorImpl.invoke(DelegatingMethodAccessorImpl.java:43)
	at java.lang.reflect.Method.invoke(Method.java:498)
	at org.openqa.selenium.remote.server.KnownElements$1.invoke(KnownElements.java:64)
	at com.sun.proxy.$Proxy6.click(Unknown Source)
	at org.openqa.selenium.remote.server.handler.ClickElement.call(ClickElement.java:30)
	at org.openqa.selenium.remote.server.handler.ClickElement.call(ClickElement.java:22)
	at java.util.concurrent.FutureTask.run(FutureTask.java:266)
	at org.openqa.selenium.remote.server.DefaultSession$1.run(DefaultSession.java:176)
	at java.util.concurrent.ThreadPoolExecutor.runWorker(ThreadPoolExecutor.java:1142)
	at java.util.concurrent.ThreadPoolExecutor$Worker.run(ThreadPoolExecutor.java:617)
	at java.lang.Thread.run(Thread.java:745)
17:34:53.150 WARN - Exception: unknown error: Element is not clickable at point (313, 722). Other element would receive the click: <div class="spinner spinner--page">...</div>
  (Session info: chrome=53.0.2785.92)
  (Driver info: chromedriver=2.9.248304,platform=Linux 4.9.8-1-ARCH x86_64) (WARNING: The server did not provide any stacktrace information)
Command duration or timeout: 34 milliseconds
Build info: version: '3.1.0', revision: '86a5d70', time: '2017-02-16 07:57:44 -0800'
System info: host: 'declan-arch', ip: '192.168.178.75', os.name: 'Linux', os.arch: 'amd64', os.version: '4.9.8-1-ARCH', java.version: '1.8.0_121'
Driver info: org.openqa.selenium.chrome.ChromeDriver
Capabilities [{applicationCacheEnabled=false, rotatable=false, chrome={userDataDir=/tmp/.com.google.Chrome.c0bIno}, takesHeapSnapshot=true, databaseEnabled=false, handlesAlerts=true, version=53.0.2785.92, platform=LINUX, browserConnectionEnabled=false, nativeEvents=true, acceptSslCerts=true, locationContextEnabled=true, webStorageEnabled=true, browserName=chrome, takesScreenshot=true, javascriptEnabled=true, cssSelectorsEnabled=true}]
Session ID: 48637664954568c093a91db97896f063
17:34:53.202 INFO - Executing: [find element: By.cssSelector: option[value="Schweringen"]])
17:34:53.213 INFO - Done: [find element: By.cssSelector: option[value="Schweringen"]]
17:34:53.216 INFO - Executing: [click: 2 [[ChromeDriver: chrome on LINUX (48637664954568c093a91db97896f063)] -> css selector: option[value="Schweringen"]]])
17:34:53.248 INFO - Done: [click: 2 [[ChromeDriver: chrome on LINUX (48637664954568c093a91db97896f063)] -> css selector: option[value="Schweringen"]]]
17:34:53.251 INFO - Executing: [find elements: By.cssSelector: select[data-qa=addressDistrict]])
17:34:53.264 INFO - Done: [find elements: By.cssSelector: select[data-qa=addressDistrict]]
17:34:53.268 INFO - Executing: [find element: By.cssSelector: select[data-qa=addressDistrict]])
17:34:53.280 INFO - Done: [find element: By.cssSelector: select[data-qa=addressDistrict]]
17:34:53.283 INFO - Executing: [click: 3 [[ChromeDriver: chrome on LINUX (48637664954568c093a91db97896f063)] -> css selector: select[data-qa=addressDistrict]]])
17:34:53.311 INFO - Done: [click: 3 [[ChromeDriver: chrome on LINUX (48637664954568c093a91db97896f063)] -> css selector: select[data-qa=addressDistrict]]]
17:34:53.315 INFO - Executing: [find element: By.cssSelector: option[value="Holtrup"]])
17:34:53.334 INFO - Done: [find element: By.cssSelector: option[value="Holtrup"]]
17:34:53.338 INFO - Executing: [click: 4 [[ChromeDriver: chrome on LINUX (48637664954568c093a91db97896f063)] -> css selector: option[value="Holtrup"]]])
17:34:53.371 INFO - Done: [click: 4 [[ChromeDriver: chrome on LINUX (48637664954568c093a91db97896f063)] -> css selector: option[value="Holtrup"]]]
17:34:53.374 INFO - Executing: [find element: By.cssSelector: button[data-qa=order-form-link]])
17:34:53.386 INFO - Done: [find element: By.cssSelector: button[data-qa=order-form-link]]
17:34:53.388 INFO - Executing: [click: 5 [[ChromeDriver: chrome on LINUX (48637664954568c093a91db97896f063)] -> css selector: button[data-qa=order-form-link]]])
17:34:53.417 INFO - Done: [click: 5 [[ChromeDriver: chrome on LINUX (48637664954568c093a91db97896f063)] -> css selector: button[data-qa=order-form-link]]]
17:34:53.432 INFO - Executing: [find elements: By.cssSelector: button[data-qa=CONSTRUCTION_POWER]])
17:34:53.471 INFO - Done: [find elements: By.cssSelector: button[data-qa=CONSTRUCTION_POWER]]
17:34:53.475 INFO - Executing: [is displayed: 6 [[ChromeDriver: chrome on LINUX (48637664954568c093a91db97896f063)] -> css selector: button[data-qa=CONSTRUCTION_POWER]]])
17:34:53.489 INFO - Done: [is displayed: 6 [[ChromeDriver: chrome on LINUX (48637664954568c093a91db97896f063)] -> css selector: button[data-qa=CONSTRUCTION_POWER]]]
17:34:53.996 INFO - Executing: [is displayed: 6 [[ChromeDriver: chrome on LINUX (48637664954568c093a91db97896f063)] -> css selector: button[data-qa=CONSTRUCTION_POWER]]])
17:34:54.015 INFO - Done: [is displayed: 6 [[ChromeDriver: chrome on LINUX (48637664954568c093a91db97896f063)] -> css selector: button[data-qa=CONSTRUCTION_POWER]]]
17:34:54.024 INFO - Executing: [find element: By.cssSelector: button[data-qa=CONSTRUCTION_POWER]])
17:34:54.047 INFO - Done: [find element: By.cssSelector: button[data-qa=CONSTRUCTION_POWER]]
17:34:54.050 INFO - Executing: [click: 6 [[ChromeDriver: chrome on LINUX (48637664954568c093a91db97896f063)] -> css selector: button[data-qa=CONSTRUCTION_POWER]]])
17:34:54.078 INFO - Done: [click: 6 [[ChromeDriver: chrome on LINUX (48637664954568c093a91db97896f063)] -> css selector: button[data-qa=CONSTRUCTION_POWER]]]
17:34:54.087 INFO - Executing: [find elements: By.cssSelector: button[data-qa=next-button]])
17:34:54.121 INFO - Done: [find elements: By.cssSelector: button[data-qa=next-button]]
17:34:54.124 INFO - Executing: [is displayed: 7 [[ChromeDriver: chrome on LINUX (48637664954568c093a91db97896f063)] -> css selector: button[data-qa=next-button]]])
17:34:54.138 INFO - Done: [is displayed: 7 [[ChromeDriver: chrome on LINUX (48637664954568c093a91db97896f063)] -> css selector: button[data-qa=next-button]]]
17:34:54.141 INFO - Executing: [find element: By.cssSelector: button[data-qa=next-button]])
17:34:54.153 INFO - Done: [find element: By.cssSelector: button[data-qa=next-button]]
17:34:54.155 INFO - Executing: [click: 7 [[ChromeDriver: chrome on LINUX (48637664954568c093a91db97896f063)] -> css selector: button[data-qa=next-button]]])
17:34:54.191 INFO - Done: [click: 7 [[ChromeDriver: chrome on LINUX (48637664954568c093a91db97896f063)] -> css selector: button[data-qa=next-button]]]
17:34:55.205 INFO - Executing: [find elements: By.cssSelector: input[name=street]])
17:34:55.244 INFO - Done: [find elements: By.cssSelector: input[name=street]]
17:34:55.248 INFO - Executing: [find element: By.cssSelector: input[name=street]])
17:34:55.262 INFO - Done: [find element: By.cssSelector: input[name=street]]
17:34:55.266 INFO - Executing: [send keys: 8 [[ChromeDriver: chrome on LINUX (48637664954568c093a91db97896f063)] -> css selector: input[name=street]], [F, a, k, e,  , S, t, r, e, e, t]])
17:34:55.306 INFO - Done: [send keys: 8 [[ChromeDriver: chrome on LINUX (48637664954568c093a91db97896f063)] -> css selector: input[name=street]], [F, a, k, e,  , S, t, r, e, e, t]]
17:34:55.309 INFO - Executing: [find element: By.cssSelector: button[data-qa=addressButton]])
17:34:55.357 INFO - Done: [find element: By.cssSelector: button[data-qa=addressButton]]
17:34:55.359 INFO - Executing: [click: 9 [[ChromeDriver: chrome on LINUX (48637664954568c093a91db97896f063)] -> css selector: button[data-qa=addressButton]]])
17:34:55.384 INFO - Done: [click: 9 [[ChromeDriver: chrome on LINUX (48637664954568c093a91db97896f063)] -> css selector: button[data-qa=addressButton]]]
17:34:55.392 INFO - Executing: [find elements: By.cssSelector: input[name=constructionPowerFrom]])
17:34:55.418 INFO - Done: [find elements: By.cssSelector: input[name=constructionPowerFrom]]
17:34:55.421 INFO - Executing: [find element: By.cssSelector: input[name=constructionPowerFrom]])
17:34:55.434 INFO - Done: [find element: By.cssSelector: input[name=constructionPowerFrom]]
17:34:55.437 INFO - Executing: [send keys: 10 [[ChromeDriver: chrome on LINUX (48637664954568c093a91db97896f063)] -> css selector: input[name=constructionPowerFrom]], [0, 1, ., 0, 4, ., 2, 0, 1, 7]])
17:34:55.479 INFO - Done: [send keys: 10 [[ChromeDriver: chrome on LINUX (48637664954568c093a91db97896f063)] -> css selector: input[name=constructionPowerFrom]], [0, 1, ., 0, 4, ., 2, 0, 1, 7]]
17:34:55.481 INFO - Executing: [find element: By.cssSelector: input[name=constructionPowerTo]])
17:34:55.534 INFO - Done: [find element: By.cssSelector: input[name=constructionPowerTo]]
17:34:55.537 INFO - Executing: [send keys: 11 [[ChromeDriver: chrome on LINUX (48637664954568c093a91db97896f063)] -> css selector: input[name=constructionPowerTo]], [0, 1, ., 0, 5, ., 2, 0, 1, 7]])
17:34:55.583 INFO - Done: [send keys: 11 [[ChromeDriver: chrome on LINUX (48637664954568c093a91db97896f063)] -> css selector: input[name=constructionPowerTo]], [0, 1, ., 0, 5, ., 2, 0, 1, 7]]
17:34:55.586 INFO - Executing: [find element: By.cssSelector: button[data-qa=next-button]])
17:34:55.618 INFO - Done: [find element: By.cssSelector: button[data-qa=next-button]]
17:34:55.621 INFO - Executing: [click: 12 [[ChromeDriver: chrome on LINUX (48637664954568c093a91db97896f063)] -> css selector: button[data-qa=next-button]]])
17:34:55.650 INFO - Done: [click: 12 [[ChromeDriver: chrome on LINUX (48637664954568c093a91db97896f063)] -> css selector: button[data-qa=next-button]]]
17:34:56.664 INFO - Executing: [find elements: By.cssSelector: input[type="file"]])
17:34:56.700 INFO - Done: [find elements: By.cssSelector: input[type="file"]]
17:34:56.704 INFO - Executing: [find element: By.cssSelector: input[type="file"]])
17:34:56.721 INFO - Done: [find element: By.cssSelector: input[type="file"]]
17:34:56.724 INFO - Executing: [send keys: 13 [[ChromeDriver: chrome on LINUX (48637664954568c093a91db97896f063)] -> css selector: input[type="file"]], [/, h, o, m, e, /, d, e, c, l, a, n, /, f, l, o, o, r, p, l, a, n, ., j, p, g]])
17:34:56.757 INFO - Done: [send keys: 13 [[ChromeDriver: chrome on LINUX (48637664954568c093a91db97896f063)] -> css selector: input[type="file"]], [/, h, o, m, e, /, d, e, c, l, a, n, /, f, l, o, o, r, p, l, a, n, ., j, p, g]]
17:34:56.759 INFO - Executing: [find element: By.cssSelector: button[data-qa=next-button]])
17:34:56.769 INFO - Done: [find element: By.cssSelector: button[data-qa=next-button]]
17:34:56.772 INFO - Executing: [click: 15 [[ChromeDriver: chrome on LINUX (48637664954568c093a91db97896f063)] -> css selector: button[data-qa=next-button]]])
17:34:57.041 WARN - Exception thrown
org.openqa.selenium.WebDriverException: unknown error: Element is not clickable at point (875, 415). Other element would receive the click: <div class="spinner spinner--page">...</div>
  (Session info: chrome=53.0.2785.92)
  (Driver info: chromedriver=2.9.248304,platform=Linux 4.9.8-1-ARCH x86_64) (WARNING: The server did not provide any stacktrace information)
Command duration or timeout: 28 milliseconds
Build info: version: '3.1.0', revision: '86a5d70', time: '2017-02-16 07:57:44 -0800'
System info: host: 'declan-arch', ip: '192.168.178.75', os.name: 'Linux', os.arch: 'amd64', os.version: '4.9.8-1-ARCH', java.version: '1.8.0_121'
Driver info: org.openqa.selenium.chrome.ChromeDriver
Capabilities [{applicationCacheEnabled=false, rotatable=false, chrome={userDataDir=/tmp/.com.google.Chrome.c0bIno}, takesHeapSnapshot=true, databaseEnabled=false, handlesAlerts=true, version=53.0.2785.92, platform=LINUX, browserConnectionEnabled=false, nativeEvents=true, acceptSslCerts=true, locationContextEnabled=true, webStorageEnabled=true, browserName=chrome, takesScreenshot=true, javascriptEnabled=true, cssSelectorsEnabled=true}]
Session ID: 48637664954568c093a91db97896f063
	at sun.reflect.NativeConstructorAccessorImpl.newInstance0(Native Method)
	at sun.reflect.NativeConstructorAccessorImpl.newInstance(NativeConstructorAccessorImpl.java:62)
	at sun.reflect.DelegatingConstructorAccessorImpl.newInstance(DelegatingConstructorAccessorImpl.java:45)
	at java.lang.reflect.Constructor.newInstance(Constructor.java:423)
	at org.openqa.selenium.remote.ErrorHandler.createThrowable(ErrorHandler.java:216)
	at org.openqa.selenium.remote.ErrorHandler.throwIfResponseFailed(ErrorHandler.java:168)
	at org.openqa.selenium.remote.RemoteWebDriver.execute(RemoteWebDriver.java:635)
	at org.openqa.selenium.remote.RemoteWebElement.execute(RemoteWebElement.java:274)
	at org.openqa.selenium.remote.RemoteWebElement.click(RemoteWebElement.java:84)
	at sun.reflect.GeneratedMethodAccessor15.invoke(Unknown Source)
	at sun.reflect.DelegatingMethodAccessorImpl.invoke(DelegatingMethodAccessorImpl.java:43)
	at java.lang.reflect.Method.invoke(Method.java:498)
	at org.openqa.selenium.support.events.EventFiringWebDriver$EventFiringWebElement$1.invoke(EventFiringWebDriver.java:332)
	at com.sun.proxy.$Proxy5.click(Unknown Source)
	at org.openqa.selenium.support.events.EventFiringWebDriver$EventFiringWebElement.click(EventFiringWebDriver.java:345)
	at sun.reflect.GeneratedMethodAccessor15.invoke(Unknown Source)
	at sun.reflect.DelegatingMethodAccessorImpl.invoke(DelegatingMethodAccessorImpl.java:43)
	at java.lang.reflect.Method.invoke(Method.java:498)
	at org.openqa.selenium.remote.server.KnownElements$1.invoke(KnownElements.java:64)
	at com.sun.proxy.$Proxy6.click(Unknown Source)
	at org.openqa.selenium.remote.server.handler.ClickElement.call(ClickElement.java:30)
	at org.openqa.selenium.remote.server.handler.ClickElement.call(ClickElement.java:22)
	at java.util.concurrent.FutureTask.run(FutureTask.java:266)
	at org.openqa.selenium.remote.server.DefaultSession$1.run(DefaultSession.java:176)
	at java.util.concurrent.ThreadPoolExecutor.runWorker(ThreadPoolExecutor.java:1142)
	at java.util.concurrent.ThreadPoolExecutor$Worker.run(ThreadPoolExecutor.java:617)
	at java.lang.Thread.run(Thread.java:745)
17:34:57.041 WARN - Exception: unknown error: Element is not clickable at point (875, 415). Other element would receive the click: <div class="spinner spinner--page">...</div>
  (Session info: chrome=53.0.2785.92)
  (Driver info: chromedriver=2.9.248304,platform=Linux 4.9.8-1-ARCH x86_64) (WARNING: The server did not provide any stacktrace information)
Command duration or timeout: 28 milliseconds
Build info: version: '3.1.0', revision: '86a5d70', time: '2017-02-16 07:57:44 -0800'
System info: host: 'declan-arch', ip: '192.168.178.75', os.name: 'Linux', os.arch: 'amd64', os.version: '4.9.8-1-ARCH', java.version: '1.8.0_121'
Driver info: org.openqa.selenium.chrome.ChromeDriver
Capabilities [{applicationCacheEnabled=false, rotatable=false, chrome={userDataDir=/tmp/.com.google.Chrome.c0bIno}, takesHeapSnapshot=true, databaseEnabled=false, handlesAlerts=true, version=53.0.2785.92, platform=LINUX, browserConnectionEnabled=false, nativeEvents=true, acceptSslCerts=true, locationContextEnabled=true, webStorageEnabled=true, browserName=chrome, takesScreenshot=true, javascriptEnabled=true, cssSelectorsEnabled=true}]
Session ID: 48637664954568c093a91db97896f063
17:34:58.073 INFO - Executing: [find elements: By.cssSelector: button[data-qa=next-button]])
17:34:58.083 INFO - Done: [find elements: By.cssSelector: button[data-qa=next-button]]
17:34:58.086 INFO - Executing: [is displayed: 15 [[ChromeDriver: chrome on LINUX (48637664954568c093a91db97896f063)] -> css selector: button[data-qa=next-button]]])
17:34:58.101 INFO - Done: [is displayed: 15 [[ChromeDriver: chrome on LINUX (48637664954568c093a91db97896f063)] -> css selector: button[data-qa=next-button]]]
17:34:58.103 INFO - Executing: [find element: By.cssSelector: button[data-qa=next-button]])
17:34:58.108 INFO - Done: [find element: By.cssSelector: button[data-qa=next-button]]
17:34:58.110 INFO - Executing: [click: 15 [[ChromeDriver: chrome on LINUX (48637664954568c093a91db97896f063)] -> css selector: button[data-qa=next-button]]])
17:34:58.125 INFO - Done: [click: 15 [[ChromeDriver: chrome on LINUX (48637664954568c093a91db97896f063)] -> css selector: button[data-qa=next-button]]]
17:34:58.128 INFO - Executing: [find element: By.cssSelector: button[data-qa=next-button]])
17:34:58.144 INFO - Done: [find element: By.cssSelector: button[data-qa=next-button]]
17:34:58.146 INFO - Executing: [click: 16 [[ChromeDriver: chrome on LINUX (48637664954568c093a91db97896f063)] -> css selector: button[data-qa=next-button]]])
17:34:58.173 INFO - Done: [click: 16 [[ChromeDriver: chrome on LINUX (48637664954568c093a91db97896f063)] -> css selector: button[data-qa=next-button]]]
17:34:59.188 INFO - Executing: [find elements: By.xpath: //textarea[@placeholder="Bitte geben Sie hier Ihren Text ein"]])
17:34:59.207 INFO - Done: [find elements: By.xpath: //textarea[@placeholder="Bitte geben Sie hier Ihren Text ein"]]
17:34:59.209 INFO - Executing: [is displayed: 17 [[ChromeDriver: chrome on LINUX (48637664954568c093a91db97896f063)] -> xpath: //textarea[@placeholder="Bitte geben Sie hier Ihren Text ein"]]])
17:34:59.223 INFO - Done: [is displayed: 17 [[ChromeDriver: chrome on LINUX (48637664954568c093a91db97896f063)] -> xpath: //textarea[@placeholder="Bitte geben Sie hier Ihren Text ein"]]]
17:34:59.225 INFO - Executing: [find element: By.xpath: //textarea[@placeholder="Bitte geben Sie hier Ihren Text ein"]])
17:34:59.237 INFO - Done: [find element: By.xpath: //textarea[@placeholder="Bitte geben Sie hier Ihren Text ein"]]
17:34:59.239 INFO - Executing: [send keys: 17 [[ChromeDriver: chrome on LINUX (48637664954568c093a91db97896f063)] -> xpath: //textarea[@placeholder="Bitte geben Sie hier Ihren Text ein"]], [b, l, a,  , b, l, a,  , b, l, a,  , b, l, a]])
17:34:59.279 INFO - Done: [send keys: 17 [[ChromeDriver: chrome on LINUX (48637664954568c093a91db97896f063)] -> xpath: //textarea[@placeholder="Bitte geben Sie hier Ihren Text ein"]], [b, l, a,  , b, l, a,  , b, l, a,  , b, l, a]]
17:34:59.281 INFO - Executing: [find element: By.cssSelector: button[data-qa=next-button]])
17:34:59.312 INFO - Done: [find element: By.cssSelector: button[data-qa=next-button]]
17:34:59.314 INFO - Executing: [click: 18 [[ChromeDriver: chrome on LINUX (48637664954568c093a91db97896f063)] -> css selector: button[data-qa=next-button]]])
17:34:59.363 INFO - Done: [click: 18 [[ChromeDriver: chrome on LINUX (48637664954568c093a91db97896f063)] -> css selector: button[data-qa=next-button]]]
17:34:59.374 INFO - Executing: [find elements: By.cssSelector: input[name=firstName]])
17:34:59.405 INFO - Done: [find elements: By.cssSelector: input[name=firstName]]
17:34:59.407 INFO - Executing: [find element: By.cssSelector: input[name=firstName]])
17:34:59.419 INFO - Done: [find element: By.cssSelector: input[name=firstName]]
17:34:59.422 INFO - Executing: [send keys: 19 [[ChromeDriver: chrome on LINUX (48637664954568c093a91db97896f063)] -> css selector: input[name=firstName]], [1, 0, 0, 0]])
17:34:59.460 INFO - Done: [send keys: 19 [[ChromeDriver: chrome on LINUX (48637664954568c093a91db97896f063)] -> css selector: input[name=firstName]], [1, 0, 0, 0]]
17:34:59.462 INFO - Executing: [find element: By.cssSelector: input[name=firstName]])
17:34:59.485 INFO - Done: [find element: By.cssSelector: input[name=firstName]]
17:34:59.487 INFO - Executing: [send keys: 19 [[ChromeDriver: chrome on LINUX (48637664954568c093a91db97896f063)] -> css selector: input[name=firstName]], [D, e, c]])
17:34:59.502 INFO - Done: [send keys: 19 [[ChromeDriver: chrome on LINUX (48637664954568c093a91db97896f063)] -> css selector: input[name=firstName]], [D, e, c]]
17:34:59.504 INFO - Executing: [find element: By.cssSelector: input[name=lastName]])
17:34:59.520 INFO - Done: [find element: By.cssSelector: input[name=lastName]]
17:34:59.523 INFO - Executing: [send keys: 20 [[ChromeDriver: chrome on LINUX (48637664954568c093a91db97896f063)] -> css selector: input[name=lastName]], [T, r, e, a, n, o, r]])
17:34:59.561 INFO - Done: [send keys: 20 [[ChromeDriver: chrome on LINUX (48637664954568c093a91db97896f063)] -> css selector: input[name=lastName]], [T, r, e, a, n, o, r]]
17:34:59.564 INFO - Executing: [find element: By.cssSelector: input[name=street]])
17:34:59.585 INFO - Done: [find element: By.cssSelector: input[name=street]]
17:34:59.587 INFO - Executing: [send keys: 21 [[ChromeDriver: chrome on LINUX (48637664954568c093a91db97896f063)] -> css selector: input[name=street]], [a, s, d, a, d, a, s, d]])
17:34:59.626 INFO - Done: [send keys: 21 [[ChromeDriver: chrome on LINUX (48637664954568c093a91db97896f063)] -> css selector: input[name=street]], [a, s, d, a, d, a, s, d]]
17:34:59.629 INFO - Executing: [find element: By.cssSelector: input[name=postalCode]])
17:34:59.661 INFO - Done: [find element: By.cssSelector: input[name=postalCode]]
17:34:59.663 INFO - Executing: [send keys: 22 [[ChromeDriver: chrome on LINUX (48637664954568c093a91db97896f063)] -> css selector: input[name=postalCode]], [f, d, s, d, f, s, d, f]])
17:34:59.705 INFO - Done: [send keys: 22 [[ChromeDriver: chrome on LINUX (48637664954568c093a91db97896f063)] -> css selector: input[name=postalCode]], [f, d, s, d, f, s, d, f]]
17:34:59.708 INFO - Executing: [find element: By.cssSelector: input[name=city]])
17:34:59.742 INFO - Done: [find element: By.cssSelector: input[name=city]]
17:34:59.745 INFO - Executing: [send keys: 23 [[ChromeDriver: chrome on LINUX (48637664954568c093a91db97896f063)] -> css selector: input[name=city]], [a, s, d, a, s, d, a, s, d]])
17:34:59.784 INFO - Done: [send keys: 23 [[ChromeDriver: chrome on LINUX (48637664954568c093a91db97896f063)] -> css selector: input[name=city]], [a, s, d, a, s, d, a, s, d]]
17:34:59.786 INFO - Executing: [find element: By.cssSelector: input[name=telephone]])
17:34:59.819 INFO - Done: [find element: By.cssSelector: input[name=telephone]]
17:34:59.821 INFO - Executing: [send keys: 24 [[ChromeDriver: chrome on LINUX (48637664954568c093a91db97896f063)] -> css selector: input[name=telephone]], [1, 2, 3, 4, 5, 6, 7, 9]])
17:34:59.860 INFO - Done: [send keys: 24 [[ChromeDriver: chrome on LINUX (48637664954568c093a91db97896f063)] -> css selector: input[name=telephone]], [1, 2, 3, 4, 5, 6, 7, 9]]
17:34:59.862 INFO - Executing: [find element: By.cssSelector: input[name=email]])
17:34:59.893 INFO - Done: [find element: By.cssSelector: input[name=email]]
17:34:59.895 INFO - Executing: [send keys: 25 [[ChromeDriver: chrome on LINUX (48637664954568c093a91db97896f063)] -> css selector: input[name=email]], [d, e, c, @, t, r, e, ., c, o, m]])
17:34:59.935 INFO - Done: [send keys: 25 [[ChromeDriver: chrome on LINUX (48637664954568c093a91db97896f063)] -> css selector: input[name=email]], [d, e, c, @, t, r, e, ., c, o, m]]
17:34:59.938 INFO - Executing: [find element: By.cssSelector: input[name=emailConfirm]])
17:34:59.974 INFO - Done: [find element: By.cssSelector: input[name=emailConfirm]]
17:34:59.978 INFO - Executing: [send keys: 26 [[ChromeDriver: chrome on LINUX (48637664954568c093a91db97896f063)] -> css selector: input[name=emailConfirm]], [d, e, c, @, t, r, e, ., c, o, m]])
17:35:00.041 INFO - Done: [send keys: 26 [[ChromeDriver: chrome on LINUX (48637664954568c093a91db97896f063)] -> css selector: input[name=emailConfirm]], [d, e, c, @, t, r, e, ., c, o, m]]
17:35:00.043 INFO - Executing: [find element: By.cssSelector: label[data-qa="billing-address-checkbox"]])
17:35:00.086 INFO - Done: [find element: By.cssSelector: label[data-qa="billing-address-checkbox"]]
17:35:00.088 INFO - Executing: [click: 27 [[ChromeDriver: chrome on LINUX (48637664954568c093a91db97896f063)] -> css selector: label[data-qa="billing-address-checkbox"]]])
17:35:00.113 INFO - Done: [click: 27 [[ChromeDriver: chrome on LINUX (48637664954568c093a91db97896f063)] -> css selector: label[data-qa="billing-address-checkbox"]]]
17:35:00.122 INFO - Executing: [find elements: By.cssSelector: input[name=plumberCompanyName]])
17:35:00.134 INFO - Done: [find elements: By.cssSelector: input[name=plumberCompanyName]]
17:35:00.136 INFO - Executing: [find element: By.cssSelector: input[name=plumberCompanyName]])
17:35:00.148 INFO - Done: [find element: By.cssSelector: input[name=plumberCompanyName]]
17:35:00.150 INFO - Executing: [send keys: 28 [[ChromeDriver: chrome on LINUX (48637664954568c093a91db97896f063)] -> css selector: input[name=plumberCompanyName]], [p, l, u, m, b, e, r, C, o, m, p, a, n, y, N, a, m, e]])
17:35:00.196 INFO - Done: [send keys: 28 [[ChromeDriver: chrome on LINUX (48637664954568c093a91db97896f063)] -> css selector: input[name=plumberCompanyName]], [p, l, u, m, b, e, r, C, o, m, p, a, n, y, N, a, m, e]]
17:35:00.198 INFO - Executing: [find element: By.cssSelector: input[name=plumberStreet]])
17:35:00.254 INFO - Done: [find element: By.cssSelector: input[name=plumberStreet]]
17:35:00.257 INFO - Executing: [send keys: 29 [[ChromeDriver: chrome on LINUX (48637664954568c093a91db97896f063)] -> css selector: input[name=plumberStreet]], [p, l, u, m, b, e, r, S, t, r, e, e, t]])
17:35:00.298 INFO - Done: [send keys: 29 [[ChromeDriver: chrome on LINUX (48637664954568c093a91db97896f063)] -> css selector: input[name=plumberStreet]], [p, l, u, m, b, e, r, S, t, r, e, e, t]]
17:35:00.300 INFO - Executing: [find element: By.cssSelector: input[name=plumberPostalCode]])
17:35:00.343 INFO - Done: [find element: By.cssSelector: input[name=plumberPostalCode]]
17:35:00.345 INFO - Executing: [send keys: 30 [[ChromeDriver: chrome on LINUX (48637664954568c093a91db97896f063)] -> css selector: input[name=plumberPostalCode]], [p, l, u, m, b, e, r, P, o, s, t, a, l, C, o, d, e]])
17:35:00.387 INFO - Done: [send keys: 30 [[ChromeDriver: chrome on LINUX (48637664954568c093a91db97896f063)] -> css selector: input[name=plumberPostalCode]], [p, l, u, m, b, e, r, P, o, s, t, a, l, C, o, d, e]]
17:35:00.391 INFO - Executing: [find element: By.cssSelector: input[name=plumberCity]])
17:35:00.439 INFO - Done: [find element: By.cssSelector: input[name=plumberCity]]
17:35:00.442 INFO - Executing: [send keys: 31 [[ChromeDriver: chrome on LINUX (48637664954568c093a91db97896f063)] -> css selector: input[name=plumberCity]], [p, l, u, m, b, e, r, C, i, t, y]])
17:35:00.485 INFO - Done: [send keys: 31 [[ChromeDriver: chrome on LINUX (48637664954568c093a91db97896f063)] -> css selector: input[name=plumberCity]], [p, l, u, m, b, e, r, C, i, t, y]]
17:35:00.487 INFO - Executing: [find element: By.cssSelector: input[name=plumberTelephone]])
17:35:00.524 INFO - Done: [find element: By.cssSelector: input[name=plumberTelephone]]
17:35:00.527 INFO - Executing: [send keys: 32 [[ChromeDriver: chrome on LINUX (48637664954568c093a91db97896f063)] -> css selector: input[name=plumberTelephone]], [p, l, u, m, b, e, r, T, e, l, e, p, h, o, n, e]])
17:35:00.568 INFO - Done: [send keys: 32 [[ChromeDriver: chrome on LINUX (48637664954568c093a91db97896f063)] -> css selector: input[name=plumberTelephone]], [p, l, u, m, b, e, r, T, e, l, e, p, h, o, n, e]]
17:35:00.571 INFO - Executing: [find element: By.cssSelector: input[name=plumberEmail]])
17:35:00.621 INFO - Done: [find element: By.cssSelector: input[name=plumberEmail]]
17:35:00.625 INFO - Executing: [send keys: 33 [[ChromeDriver: chrome on LINUX (48637664954568c093a91db97896f063)] -> css selector: input[name=plumberEmail]], [p, l, u, m, b, e, r, E, m, a, i, l, @, p, l, u, m, b, e, r, E, m, a, i, l, ., c, o, m]])
17:35:00.672 INFO - Done: [send keys: 33 [[ChromeDriver: chrome on LINUX (48637664954568c093a91db97896f063)] -> css selector: input[name=plumberEmail]], [p, l, u, m, b, e, r, E, m, a, i, l, @, p, l, u, m, b, e, r, E, m, a, i, l, ., c, o, m]]
17:35:00.674 INFO - Executing: [find element: By.cssSelector: label[data-qa="billing-address-checkbox-confirmation-to-plumber"]])
17:35:00.753 INFO - Done: [find element: By.cssSelector: label[data-qa="billing-address-checkbox-confirmation-to-plumber"]]
17:35:00.756 INFO - Executing: [click: 34 [[ChromeDriver: chrome on LINUX (48637664954568c093a91db97896f063)] -> css selector: label[data-qa="billing-address-checkbox-confirmation-to-plumber"]]])
17:35:00.790 INFO - Done: [click: 34 [[ChromeDriver: chrome on LINUX (48637664954568c093a91db97896f063)] -> css selector: label[data-qa="billing-address-checkbox-confirmation-to-plumber"]]]
17:35:00.792 INFO - Executing: [find element: By.cssSelector: button[data-qa=billing-address-next-button]])
17:35:00.812 INFO - Done: [find element: By.cssSelector: button[data-qa=billing-address-next-button]]
17:35:00.814 INFO - Executing: [click: 35 [[ChromeDriver: chrome on LINUX (48637664954568c093a91db97896f063)] -> css selector: button[data-qa=billing-address-next-button]]])
17:35:00.853 INFO - Done: [click: 35 [[ChromeDriver: chrome on LINUX (48637664954568c093a91db97896f063)] -> css selector: button[data-qa=billing-address-next-button]]]
17:35:00.860 INFO - Executing: [find elements: By.cssSelector: label[data-qa="permission"]])
17:35:00.873 INFO - Done: [find elements: By.cssSelector: label[data-qa="permission"]]
17:35:01.380 INFO - Executing: [find elements: By.cssSelector: label[data-qa="permission"]])
17:35:01.394 INFO - Done: [find elements: By.cssSelector: label[data-qa="permission"]]
17:35:01.399 INFO - Executing: [find element: By.cssSelector: label[data-qa="permission"]])
17:35:01.434 INFO - Done: [find element: By.cssSelector: label[data-qa="permission"]]
17:35:01.437 INFO - Executing: [click: 36 [[ChromeDriver: chrome on LINUX (48637664954568c093a91db97896f063)] -> css selector: label[data-qa="permission"]]])
17:35:01.473 INFO - Done: [click: 36 [[ChromeDriver: chrome on LINUX (48637664954568c093a91db97896f063)] -> css selector: label[data-qa="permission"]]]
17:35:01.475 INFO - Executing: [find element: By.cssSelector: label[data-qa="dataProtection"]])
17:35:01.486 INFO - Done: [find element: By.cssSelector: label[data-qa="dataProtection"]]
17:35:01.488 INFO - Executing: [click: 37 [[ChromeDriver: chrome on LINUX (48637664954568c093a91db97896f063)] -> css selector: label[data-qa="dataProtection"]]])
17:35:01.513 INFO - Done: [click: 37 [[ChromeDriver: chrome on LINUX (48637664954568c093a91db97896f063)] -> css selector: label[data-qa="dataProtection"]]]
17:35:01.515 INFO - Executing: [find element: By.cssSelector: button[data-qa=next-button]])
17:35:01.528 INFO - Done: [find element: By.cssSelector: button[data-qa=next-button]]
17:35:01.529 INFO - Executing: [click: 38 [[ChromeDriver: chrome on LINUX (48637664954568c093a91db97896f063)] -> css selector: button[data-qa=next-button]]])
17:35:01.554 INFO - Done: [click: 38 [[ChromeDriver: chrome on LINUX (48637664954568c093a91db97896f063)] -> css selector: button[data-qa=next-button]]]
